<?xml version="1.0" encoding="UTF-8"?>
<!-- Generated by org.testng.reporters.JUnitReportReporter -->
<testsuite skipped="0" hostname="HIPUNL105910" name="com.shopify.ShopifyTest.BundleTest" tests="1" failures="0" timestamp="04 Aug 2020 05:52:56 GMT" time="277.442" errors="0">
  <testcase name="testBulk" time="277.442" classname="com.shopify.ShopifyTest.BundleTest"/>
</testsuite> <!-- com.shopify.ShopifyTest.BundleTest -->
