<?xml version="1.0" encoding="UTF-8"?>
<!-- Generated by org.testng.reporters.JUnitReportReporter -->
<testsuite skipped="1" hostname="HIPUNL105910" name="com.shopify.ShopifyTest.ShopifyUseCases" tests="1" failures="0" timestamp="03 Aug 2020 17:53:30 GMT" time="0.000" errors="0">
  <testcase name="Testcase" time="0.000" classname="com.shopify.ShopifyTest.ShopifyUseCases">
    <skipped/>
  </testcase> <!-- Testcase -->
</testsuite> <!-- com.shopify.ShopifyTest.ShopifyUseCases -->
