<?xml version="1.0" encoding="UTF-8"?>
<!-- Generated by org.testng.reporters.JUnitReportReporter -->
<testsuite skipped="0" hostname="HIPUNL105910" name="com.shopify.ShopifyTest.BulkTest" tests="1" failures="0" timestamp="04 Aug 2020 05:52:56 GMT" time="248.728" errors="0">
  <testcase name="testBulk" time="248.728" classname="com.shopify.ShopifyTest.BulkTest"/>
</testsuite> <!-- com.shopify.ShopifyTest.BulkTest -->
